Using pre-set license
Built from '2021.1/staging' branch; Version is '2021.1.5f1 (3737af19df53) revision 3618735'; Using compiler version '192528614'; Build Type 'Release'
OS: 'Windows 10 Pro; OS build 19041.985; Version 2004; 64bit' Language: 'ko' Physical Memory: 16276 MB
BatchMode: 1, IsHumanControllingUs: 0, StartBugReporterOnCrash: 0, Is64bit: 1, IsPro: 0

 COMMAND LINE ARGUMENTS:
C:\Program Files\Unity\Hub\Editor\2021.1.5f1\Editor\Unity.exe
-adb2
-batchMode
-noUpm
-name
AssetImportWorker0
-projectPath
C:/OpenSource/Room_Editor/Room_Editor
-logFile
Logs/AssetImportWorker0.log
-srvPort
51077
Successfully changed project path to: C:/OpenSource/Room_Editor/Room_Editor
C:/OpenSource/Room_Editor/Room_Editor
Using Asset Import Pipeline V2.
Refreshing native plugins compatible for Editor in 97.01 ms, found 1 plugins.
Preloading 0 native plugins for Editor in 0.00 ms.
Initialize engine version: 2021.1.5f1 (3737af19df53)
[Subsystems] Discovering subsystems at path C:/Program Files/Unity/Hub/Editor/2021.1.5f1/Editor/Data/Resources/UnitySubsystems
[Subsystems] Discovering subsystems at path C:/OpenSource/Room_Editor/Room_Editor/Assets
GfxDevice: creating device client; threaded=0; jobified=0
Direct3D:
    Version:  Direct3D 11.0 [level 11.1]
    Renderer: Radeon Pro 560X (ID=0x67ef)
    Vendor:   ATI
    VRAM:     4041 MB
    Driver:   26.20.13001.33012
Initialize mono
Mono path[0] = 'C:/Program Files/Unity/Hub/Editor/2021.1.5f1/Editor/Data/Managed'
Mono path[1] = 'C:/Program Files/Unity/Hub/Editor/2021.1.5f1/Editor/Data/MonoBleedingEdge/lib/mono/unityjit'
Mono config path = 'C:/Program Files/Unity/Hub/Editor/2021.1.5f1/Editor/Data/MonoBleedingEdge/etc'
Using monoOptions --debugger-agent=transport=dt_socket,embedding=1,server=y,suspend=n,address=127.0.0.1:56152
Begin MonoManager ReloadAssembly
Registering precompiled unity dll's ...
Register platform support module: C:/Program Files/Unity/Hub/Editor/2021.1.5f1/Editor/Data/PlaybackEngines/WebGLSupport/UnityEditor.WebGL.Extensions.dll
Register platform support module: C:/Program Files/Unity/Hub/Editor/2021.1.5f1/Editor/Data/PlaybackEngines/WindowsStandaloneSupport/UnityEditor.WindowsStandalone.Extensions.dll
Registered in 0.002416 seconds.
Native extension for WindowsStandalone target not found
Native extension for WebGL target not found
Refreshing native plugins compatible for Editor in 101.58 ms, found 1 plugins.
Preloading 0 native plugins for Editor in 0.00 ms.
Mono: successfully reloaded assembly
- Completed reload, in  1.776 seconds
Platform modules already initialized, skipping
Registering precompiled user dll's ...
Registered in 0.003128 seconds.
Begin MonoManager ReloadAssembly
Native extension for WindowsStandalone target not found
Native extension for WebGL target not found
Refreshing native plugins compatible for Editor in 0.53 ms, found 1 plugins.
Preloading 0 native plugins for Editor in 0.00 ms.
Mono: successfully reloaded assembly
- Completed reload, in  1.371 seconds
Platform modules already initialized, skipping
========================================================================
Worker process is ready to serve import requests
Launched and connected shader compiler UnityShaderCompiler.exe after 0.06 seconds
Refreshing native plugins compatible for Editor in 0.54 ms, found 1 plugins.
Preloading 0 native plugins for Editor in 0.00 ms.
Unloading 2770 Unused Serialized files (Serialized files now loaded: 0)
System memory in use before: 105.3 MB.
System memory in use after: 105.5 MB.

Unloading 15 unused Assets to reduce memory usage. Loaded Objects now: 3223.
Total: 2.446700 ms (FindLiveObjects: 0.247000 ms CreateObjectMapping: 0.142600 ms MarkObjects: 1.981600 ms  DeleteObjects: 0.074300 ms)

========================================================================
Received Import Request.
  path: Assets/Resources
  artifactKey: Guid(e39d4350b02c067479ddc8dad77bab22) Importer(815301076,1909f56bfc062723c751e8b465ee728b)
Start importing Assets/Resources using Guid(e39d4350b02c067479ddc8dad77bab22) Importer(815301076,1909f56bfc062723c751e8b465ee728b)  -> (artifact id: 'ebdb6e3d60ef47d7d6804a32b79a1016') in 0.011349 seconds 
========================================================================
Received Import Request.
  Time since last request: 4.405572 seconds.
  path: Assets/Resources/01. Scenes/New Scene.unity
  artifactKey: Guid(fcd6f44ff5ca3a84d8eaf1cffb362aab) Importer(815301076,1909f56bfc062723c751e8b465ee728b)
Start importing Assets/Resources/01. Scenes/New Scene.unity using Guid(fcd6f44ff5ca3a84d8eaf1cffb362aab) Importer(815301076,1909f56bfc062723c751e8b465ee728b)  -> (artifact id: 'f0b58648ed4c962e0ddc9aa10450e94b') in 0.023455 seconds 
========================================================================
Received Import Request.
  Time since last request: 3.778974 seconds.
  path: Assets/Resources/01. Scenes/RoomEditing.unity
  artifactKey: Guid(c7a931d99d288e1458b8455c8b02bac9) Importer(815301076,1909f56bfc062723c751e8b465ee728b)
Start importing Assets/Resources/01. Scenes/RoomEditing.unity using Guid(c7a931d99d288e1458b8455c8b02bac9) Importer(815301076,1909f56bfc062723c751e8b465ee728b)  -> (artifact id: '90270be8c61fac8b7fb3a55437f845a0') in 0.010148 seconds 
========================================================================
Received Prepare
Registering precompiled user dll's ...
Registered in 0.003006 seconds.
Begin MonoManager ReloadAssembly
Native extension for WindowsStandalone target not found
Native extension for WebGL target not found
Refreshing native plugins compatible for Editor in 0.62 ms, found 1 plugins.
Preloading 0 native plugins for Editor in 0.00 ms.
Mono: successfully reloaded assembly
- Completed reload, in  1.173 seconds
Platform modules already initialized, skipping
Refreshing native plugins compatible for Editor in 0.55 ms, found 1 plugins.
Preloading 0 native plugins for Editor in 0.00 ms.
Unloading 2745 Unused Serialized files (Serialized files now loaded: 0)
System memory in use before: 103.3 MB.
System memory in use after: 103.5 MB.

Unloading 10 unused Assets to reduce memory usage. Loaded Objects now: 3226.
Total: 2.807100 ms (FindLiveObjects: 0.241700 ms CreateObjectMapping: 0.164100 ms MarkObjects: 2.339200 ms  DeleteObjects: 0.060700 ms)

AssetImportWorkerClient::OnTransportError - code=2 error=End of file
