Using pre-set license
Built from '2021.1/staging' branch; Version is '2021.1.5f1 (3737af19df53) revision 3618735'; Using compiler version '192528614'; Build Type 'Release'
OS: 'Windows 10 Pro; OS build 19041.985; Version 2004; 64bit' Language: 'ko' Physical Memory: 16276 MB
BatchMode: 1, IsHumanControllingUs: 0, StartBugReporterOnCrash: 0, Is64bit: 1, IsPro: 0

 COMMAND LINE ARGUMENTS:
C:\Program Files\Unity\Hub\Editor\2021.1.5f1\Editor\Unity.exe
-adb2
-batchMode
-noUpm
-name
AssetImportWorker0
-projectPath
C:/OpenSource/Room_Editor/Room_Editor
-logFile
Logs/AssetImportWorker0.log
-srvPort
61048
Successfully changed project path to: C:/OpenSource/Room_Editor/Room_Editor
C:/OpenSource/Room_Editor/Room_Editor
Using Asset Import Pipeline V2.
Refreshing native plugins compatible for Editor in 79.81 ms, found 3 plugins.
Preloading 0 native plugins for Editor in 0.00 ms.
Initialize engine version: 2021.1.5f1 (3737af19df53)
[Subsystems] Discovering subsystems at path C:/Program Files/Unity/Hub/Editor/2021.1.5f1/Editor/Data/Resources/UnitySubsystems
[Subsystems] Discovering subsystems at path C:/OpenSource/Room_Editor/Room_Editor/Assets
GfxDevice: creating device client; threaded=0; jobified=0
Direct3D:
    Version:  Direct3D 11.0 [level 11.1]
    Renderer: Radeon Pro 560X (ID=0x67ef)
    Vendor:   ATI
    VRAM:     4041 MB
    Driver:   26.20.13001.33012
Initialize mono
Mono path[0] = 'C:/Program Files/Unity/Hub/Editor/2021.1.5f1/Editor/Data/Managed'
Mono path[1] = 'C:/Program Files/Unity/Hub/Editor/2021.1.5f1/Editor/Data/MonoBleedingEdge/lib/mono/unityjit'
Mono config path = 'C:/Program Files/Unity/Hub/Editor/2021.1.5f1/Editor/Data/MonoBleedingEdge/etc'
Using monoOptions --debugger-agent=transport=dt_socket,embedding=1,server=y,suspend=n,address=127.0.0.1:56936
Begin MonoManager ReloadAssembly
Registering precompiled unity dll's ...
Register platform support module: C:/Program Files/Unity/Hub/Editor/2021.1.5f1/Editor/Data/PlaybackEngines/WebGLSupport/UnityEditor.WebGL.Extensions.dll
Register platform support module: C:/Program Files/Unity/Hub/Editor/2021.1.5f1/Editor/Data/PlaybackEngines/WindowsStandaloneSupport/UnityEditor.WindowsStandalone.Extensions.dll
Registered in 0.001862 seconds.
Native extension for WindowsStandalone target not found
Native extension for WebGL target not found
Refreshing native plugins compatible for Editor in 84.58 ms, found 3 plugins.
Preloading 0 native plugins for Editor in 0.00 ms.
Mono: successfully reloaded assembly
- Completed reload, in  1.413 seconds
Platform modules already initialized, skipping
Registering precompiled user dll's ...
Registered in 0.004858 seconds.
Begin MonoManager ReloadAssembly
Symbol file LoadedFromMemory doesn't match image C:\OpenSource\Room_Editor\Room_Editor\Library\PackageCache\com.unity.visualscripting@1.6.1\Editor\VisualScripting.Core\Dependencies\YamlDotNet\Unity.VisualScripting.YamlDotNet.dll
Symbol file LoadedFromMemory doesn't match image C:\OpenSource\Room_Editor\Room_Editor\Library\PackageCache\com.unity.visualscripting@1.6.1\Editor\VisualScripting.Core\Dependencies\DotNetZip\Unity.VisualScripting.IonicZip.dll
Native extension for WindowsStandalone target not found
Native extension for WebGL target not found
Refreshing native plugins compatible for Editor in 0.54 ms, found 3 plugins.
Preloading 0 native plugins for Editor in 0.00 ms.
Mono: successfully reloaded assembly
- Completed reload, in  1.100 seconds
Platform modules already initialized, skipping
========================================================================
Worker process is ready to serve import requests
Launched and connected shader compiler UnityShaderCompiler.exe after 0.04 seconds
Refreshing native plugins compatible for Editor in 0.61 ms, found 3 plugins.
Preloading 0 native plugins for Editor in 0.00 ms.
Unloading 3047 Unused Serialized files (Serialized files now loaded: 0)
System memory in use before: 113.4 MB.
System memory in use after: 113.5 MB.

Unloading 23 unused Assets to reduce memory usage. Loaded Objects now: 3494.
Total: 2.330300 ms (FindLiveObjects: 0.231300 ms CreateObjectMapping: 0.152000 ms MarkObjects: 1.873600 ms  DeleteObjects: 0.072500 ms)

========================================================================
Received Import Request.
  path: Assets/Resources/02. Script/MenuScene/TabGroup.cs
  artifactKey: Guid(003dac28a470da9418d083c49ce43719) Importer(815301076,1909f56bfc062723c751e8b465ee728b)
Start importing Assets/Resources/02. Script/MenuScene/TabGroup.cs using Guid(003dac28a470da9418d083c49ce43719) Importer(815301076,1909f56bfc062723c751e8b465ee728b)  -> (artifact id: '5c98073fc0a5f095c23a287d95cce159') in 0.021556 seconds 
========================================================================
Received Import Request.
  Time since last request: 0.000299 seconds.
  path: Assets/Resources/02. Script/MenuScene/PanelActive.cs
  artifactKey: Guid(a47f705203dd1cd41ab9d21f86d4583f) Importer(815301076,1909f56bfc062723c751e8b465ee728b)
Start importing Assets/Resources/02. Script/MenuScene/PanelActive.cs using Guid(a47f705203dd1cd41ab9d21f86d4583f) Importer(815301076,1909f56bfc062723c751e8b465ee728b)  -> (artifact id: '1683c61a23198b561f16f776406ac3b4') in 0.011755 seconds 
========================================================================
Received Import Request.
  Time since last request: 0.000246 seconds.
  path: Assets/Resources/02. Script/MenuScene/TabButton.cs
  artifactKey: Guid(8e47e26c5ed8a8c4a8230226c3106d1d) Importer(815301076,1909f56bfc062723c751e8b465ee728b)
Start importing Assets/Resources/02. Script/MenuScene/TabButton.cs using Guid(8e47e26c5ed8a8c4a8230226c3106d1d) Importer(815301076,1909f56bfc062723c751e8b465ee728b)  -> (artifact id: '0622d4ceacbf6856fa19cec51f1c703a') in 0.009101 seconds 
========================================================================
Received Prepare
Registering precompiled user dll's ...
Registered in 0.007412 seconds.
Begin MonoManager ReloadAssembly
Symbol file LoadedFromMemory doesn't match image C:\OpenSource\Room_Editor\Room_Editor\Library\PackageCache\com.unity.visualscripting@1.6.1\Editor\VisualScripting.Core\Dependencies\YamlDotNet\Unity.VisualScripting.YamlDotNet.dll
Symbol file LoadedFromMemory doesn't match image C:\OpenSource\Room_Editor\Room_Editor\Library\PackageCache\com.unity.visualscripting@1.6.1\Editor\VisualScripting.Core\Dependencies\DotNetZip\Unity.VisualScripting.IonicZip.dll
Native extension for WindowsStandalone target not found
Native extension for WebGL target not found
Refreshing native plugins compatible for Editor in 0.57 ms, found 3 plugins.
Preloading 0 native plugins for Editor in 0.00 ms.
Mono: successfully reloaded assembly
- Completed reload, in  1.158 seconds
Platform modules already initialized, skipping
Refreshing native plugins compatible for Editor in 0.65 ms, found 3 plugins.
Preloading 0 native plugins for Editor in 0.00 ms.
Unloading 3022 Unused Serialized files (Serialized files now loaded: 0)
System memory in use before: 111.4 MB.
System memory in use after: 111.6 MB.

Unloading 18 unused Assets to reduce memory usage. Loaded Objects now: 3497.
Total: 2.451300 ms (FindLiveObjects: 0.264700 ms CreateObjectMapping: 0.154500 ms MarkObjects: 1.970600 ms  DeleteObjects: 0.060300 ms)

========================================================================
Received Prepare
Registering precompiled user dll's ...
Registered in 0.004863 seconds.
Begin MonoManager ReloadAssembly
Symbol file LoadedFromMemory doesn't match image C:\OpenSource\Room_Editor\Room_Editor\Library\PackageCache\com.unity.visualscripting@1.6.1\Editor\VisualScripting.Core\Dependencies\YamlDotNet\Unity.VisualScripting.YamlDotNet.dll
Symbol file LoadedFromMemory doesn't match image C:\OpenSource\Room_Editor\Room_Editor\Library\PackageCache\com.unity.visualscripting@1.6.1\Editor\VisualScripting.Core\Dependencies\DotNetZip\Unity.VisualScripting.IonicZip.dll
Native extension for WindowsStandalone target not found
Native extension for WebGL target not found
Refreshing native plugins compatible for Editor in 0.62 ms, found 3 plugins.
Preloading 0 native plugins for Editor in 0.00 ms.
Mono: successfully reloaded assembly
- Completed reload, in  1.063 seconds
Platform modules already initialized, skipping
Refreshing native plugins compatible for Editor in 0.59 ms, found 3 plugins.
Preloading 0 native plugins for Editor in 0.00 ms.
Unloading 3022 Unused Serialized files (Serialized files now loaded: 0)
System memory in use before: 111.4 MB.
System memory in use after: 111.6 MB.

Unloading 18 unused Assets to reduce memory usage. Loaded Objects now: 3500.
Total: 2.518100 ms (FindLiveObjects: 0.239700 ms CreateObjectMapping: 0.151500 ms MarkObjects: 2.073900 ms  DeleteObjects: 0.052100 ms)

========================================================================
Received Prepare
Registering precompiled user dll's ...
Registered in 0.004331 seconds.
Begin MonoManager ReloadAssembly
Symbol file LoadedFromMemory doesn't match image C:\OpenSource\Room_Editor\Room_Editor\Library\PackageCache\com.unity.visualscripting@1.6.1\Editor\VisualScripting.Core\Dependencies\YamlDotNet\Unity.VisualScripting.YamlDotNet.dll
Symbol file LoadedFromMemory doesn't match image C:\OpenSource\Room_Editor\Room_Editor\Library\PackageCache\com.unity.visualscripting@1.6.1\Editor\VisualScripting.Core\Dependencies\DotNetZip\Unity.VisualScripting.IonicZip.dll
Native extension for WindowsStandalone target not found
Native extension for WebGL target not found
Refreshing native plugins compatible for Editor in 0.64 ms, found 3 plugins.
Preloading 0 native plugins for Editor in 0.00 ms.
Mono: successfully reloaded assembly
- Completed reload, in  1.004 seconds
Platform modules already initialized, skipping
Refreshing native plugins compatible for Editor in 0.56 ms, found 3 plugins.
Preloading 0 native plugins for Editor in 0.00 ms.
Unloading 3022 Unused Serialized files (Serialized files now loaded: 0)
System memory in use before: 111.4 MB.
System memory in use after: 111.6 MB.

Unloading 18 unused Assets to reduce memory usage. Loaded Objects now: 3503.
Total: 2.448700 ms (FindLiveObjects: 0.245700 ms CreateObjectMapping: 0.156800 ms MarkObjects: 1.990100 ms  DeleteObjects: 0.054900 ms)

========================================================================
Received Prepare
Registering precompiled user dll's ...
Registered in 0.004173 seconds.
Begin MonoManager ReloadAssembly
Symbol file LoadedFromMemory doesn't match image C:\OpenSource\Room_Editor\Room_Editor\Library\PackageCache\com.unity.visualscripting@1.6.1\Editor\VisualScripting.Core\Dependencies\YamlDotNet\Unity.VisualScripting.YamlDotNet.dll
Symbol file LoadedFromMemory doesn't match image C:\OpenSource\Room_Editor\Room_Editor\Library\PackageCache\com.unity.visualscripting@1.6.1\Editor\VisualScripting.Core\Dependencies\DotNetZip\Unity.VisualScripting.IonicZip.dll
Native extension for WindowsStandalone target not found
Native extension for WebGL target not found
Refreshing native plugins compatible for Editor in 0.56 ms, found 3 plugins.
Preloading 0 native plugins for Editor in 0.00 ms.
Mono: successfully reloaded assembly
- Completed reload, in  0.997 seconds
Platform modules already initialized, skipping
Refreshing native plugins compatible for Editor in 0.61 ms, found 3 plugins.
Preloading 0 native plugins for Editor in 0.00 ms.
Unloading 3022 Unused Serialized files (Serialized files now loaded: 0)
System memory in use before: 111.4 MB.
System memory in use after: 111.7 MB.

Unloading 18 unused Assets to reduce memory usage. Loaded Objects now: 3506.
Total: 2.659400 ms (FindLiveObjects: 0.288100 ms CreateObjectMapping: 0.118100 ms MarkObjects: 2.195400 ms  DeleteObjects: 0.056700 ms)

========================================================================
Received Prepare
Registering precompiled user dll's ...
Registered in 0.004129 seconds.
Begin MonoManager ReloadAssembly
Symbol file LoadedFromMemory doesn't match image C:\OpenSource\Room_Editor\Room_Editor\Library\PackageCache\com.unity.visualscripting@1.6.1\Editor\VisualScripting.Core\Dependencies\YamlDotNet\Unity.VisualScripting.YamlDotNet.dll
Symbol file LoadedFromMemory doesn't match image C:\OpenSource\Room_Editor\Room_Editor\Library\PackageCache\com.unity.visualscripting@1.6.1\Editor\VisualScripting.Core\Dependencies\DotNetZip\Unity.VisualScripting.IonicZip.dll
Native extension for WindowsStandalone target not found
Native extension for WebGL target not found
Refreshing native plugins compatible for Editor in 0.59 ms, found 3 plugins.
Preloading 0 native plugins for Editor in 0.00 ms.
Mono: successfully reloaded assembly
- Completed reload, in  0.991 seconds
Platform modules already initialized, skipping
Refreshing native plugins compatible for Editor in 0.56 ms, found 3 plugins.
Preloading 0 native plugins for Editor in 0.00 ms.
Unloading 3022 Unused Serialized files (Serialized files now loaded: 0)
System memory in use before: 111.5 MB.
System memory in use after: 111.7 MB.

Unloading 18 unused Assets to reduce memory usage. Loaded Objects now: 3509.
Total: 2.410300 ms (FindLiveObjects: 0.256500 ms CreateObjectMapping: 0.159800 ms MarkObjects: 1.935700 ms  DeleteObjects: 0.057200 ms)

========================================================================
Received Prepare
Registering precompiled user dll's ...
Registered in 0.004539 seconds.
Begin MonoManager ReloadAssembly
Symbol file LoadedFromMemory doesn't match image C:\OpenSource\Room_Editor\Room_Editor\Library\PackageCache\com.unity.visualscripting@1.6.1\Editor\VisualScripting.Core\Dependencies\YamlDotNet\Unity.VisualScripting.YamlDotNet.dll
Symbol file LoadedFromMemory doesn't match image C:\OpenSource\Room_Editor\Room_Editor\Library\PackageCache\com.unity.visualscripting@1.6.1\Editor\VisualScripting.Core\Dependencies\DotNetZip\Unity.VisualScripting.IonicZip.dll
Native extension for WindowsStandalone target not found
Native extension for WebGL target not found
Refreshing native plugins compatible for Editor in 0.61 ms, found 3 plugins.
Preloading 0 native plugins for Editor in 0.00 ms.
Mono: successfully reloaded assembly
- Completed reload, in  1.110 seconds
Platform modules already initialized, skipping
Refreshing native plugins compatible for Editor in 0.57 ms, found 3 plugins.
Preloading 0 native plugins for Editor in 0.00 ms.
Unloading 3022 Unused Serialized files (Serialized files now loaded: 0)
System memory in use before: 111.5 MB.
System memory in use after: 111.7 MB.

Unloading 18 unused Assets to reduce memory usage. Loaded Objects now: 3512.
Total: 2.377900 ms (FindLiveObjects: 0.237500 ms CreateObjectMapping: 0.155900 ms MarkObjects: 1.933000 ms  DeleteObjects: 0.050400 ms)

========================================================================
Received Prepare
Registering precompiled user dll's ...
Registered in 0.005235 seconds.
Begin MonoManager ReloadAssembly
Symbol file LoadedFromMemory doesn't match image C:\OpenSource\Room_Editor\Room_Editor\Library\PackageCache\com.unity.visualscripting@1.6.1\Editor\VisualScripting.Core\Dependencies\YamlDotNet\Unity.VisualScripting.YamlDotNet.dll
Symbol file LoadedFromMemory doesn't match image C:\OpenSource\Room_Editor\Room_Editor\Library\PackageCache\com.unity.visualscripting@1.6.1\Editor\VisualScripting.Core\Dependencies\DotNetZip\Unity.VisualScripting.IonicZip.dll
Native extension for WindowsStandalone target not found
Native extension for WebGL target not found
Refreshing native plugins compatible for Editor in 0.60 ms, found 3 plugins.
Preloading 0 native plugins for Editor in 0.00 ms.
Mono: successfully reloaded assembly
- Completed reload, in  1.091 seconds
Platform modules already initialized, skipping
Refreshing native plugins compatible for Editor in 0.73 ms, found 3 plugins.
Preloading 0 native plugins for Editor in 0.00 ms.
Unloading 3022 Unused Serialized files (Serialized files now loaded: 0)
System memory in use before: 111.5 MB.
System memory in use after: 111.7 MB.

Unloading 18 unused Assets to reduce memory usage. Loaded Objects now: 3515.
Total: 2.498500 ms (FindLiveObjects: 0.246600 ms CreateObjectMapping: 0.154300 ms MarkObjects: 2.044500 ms  DeleteObjects: 0.051800 ms)

========================================================================
Received Prepare
Registering precompiled user dll's ...
Registered in 0.004223 seconds.
Begin MonoManager ReloadAssembly
Symbol file LoadedFromMemory doesn't match image C:\OpenSource\Room_Editor\Room_Editor\Library\PackageCache\com.unity.visualscripting@1.6.1\Editor\VisualScripting.Core\Dependencies\YamlDotNet\Unity.VisualScripting.YamlDotNet.dll
Symbol file LoadedFromMemory doesn't match image C:\OpenSource\Room_Editor\Room_Editor\Library\PackageCache\com.unity.visualscripting@1.6.1\Editor\VisualScripting.Core\Dependencies\DotNetZip\Unity.VisualScripting.IonicZip.dll
Native extension for WindowsStandalone target not found
Native extension for WebGL target not found
Refreshing native plugins compatible for Editor in 0.56 ms, found 3 plugins.
Preloading 0 native plugins for Editor in 0.00 ms.
Mono: successfully reloaded assembly
- Completed reload, in  1.021 seconds
Platform modules already initialized, skipping
Refreshing native plugins compatible for Editor in 0.56 ms, found 3 plugins.
Preloading 0 native plugins for Editor in 0.00 ms.
Unloading 3022 Unused Serialized files (Serialized files now loaded: 0)
System memory in use before: 111.5 MB.
System memory in use after: 111.7 MB.

Unloading 18 unused Assets to reduce memory usage. Loaded Objects now: 3518.
Total: 2.361400 ms (FindLiveObjects: 0.254600 ms CreateObjectMapping: 0.160600 ms MarkObjects: 1.890900 ms  DeleteObjects: 0.054600 ms)

========================================================================
Received Prepare
Registering precompiled user dll's ...
Registered in 0.004425 seconds.
Begin MonoManager ReloadAssembly
Symbol file LoadedFromMemory doesn't match image C:\OpenSource\Room_Editor\Room_Editor\Library\PackageCache\com.unity.visualscripting@1.6.1\Editor\VisualScripting.Core\Dependencies\YamlDotNet\Unity.VisualScripting.YamlDotNet.dll
Symbol file LoadedFromMemory doesn't match image C:\OpenSource\Room_Editor\Room_Editor\Library\PackageCache\com.unity.visualscripting@1.6.1\Editor\VisualScripting.Core\Dependencies\DotNetZip\Unity.VisualScripting.IonicZip.dll
Native extension for WindowsStandalone target not found
Native extension for WebGL target not found
Refreshing native plugins compatible for Editor in 0.60 ms, found 3 plugins.
Preloading 0 native plugins for Editor in 0.00 ms.
Mono: successfully reloaded assembly
- Completed reload, in  0.986 seconds
Platform modules already initialized, skipping
Refreshing native plugins compatible for Editor in 0.61 ms, found 3 plugins.
Preloading 0 native plugins for Editor in 0.00 ms.
Unloading 3022 Unused Serialized files (Serialized files now loaded: 0)
System memory in use before: 111.5 MB.
System memory in use after: 111.7 MB.

Unloading 18 unused Assets to reduce memory usage. Loaded Objects now: 3521.
Total: 2.305800 ms (FindLiveObjects: 0.261500 ms CreateObjectMapping: 0.183000 ms MarkObjects: 1.803000 ms  DeleteObjects: 0.057600 ms)

========================================================================
Received Prepare
Registering precompiled user dll's ...
Registered in 0.004284 seconds.
Begin MonoManager ReloadAssembly
Symbol file LoadedFromMemory doesn't match image C:\OpenSource\Room_Editor\Room_Editor\Library\PackageCache\com.unity.visualscripting@1.6.1\Editor\VisualScripting.Core\Dependencies\YamlDotNet\Unity.VisualScripting.YamlDotNet.dll
Symbol file LoadedFromMemory doesn't match image C:\OpenSource\Room_Editor\Room_Editor\Library\PackageCache\com.unity.visualscripting@1.6.1\Editor\VisualScripting.Core\Dependencies\DotNetZip\Unity.VisualScripting.IonicZip.dll
Native extension for WindowsStandalone target not found
Native extension for WebGL target not found
Refreshing native plugins compatible for Editor in 0.55 ms, found 3 plugins.
Preloading 0 native plugins for Editor in 0.00 ms.
Mono: successfully reloaded assembly
- Completed reload, in  1.027 seconds
Platform modules already initialized, skipping
Refreshing native plugins compatible for Editor in 0.56 ms, found 3 plugins.
Preloading 0 native plugins for Editor in 0.00 ms.
Unloading 3022 Unused Serialized files (Serialized files now loaded: 0)
System memory in use before: 111.5 MB.
System memory in use after: 111.7 MB.

Unloading 18 unused Assets to reduce memory usage. Loaded Objects now: 3524.
Total: 2.609000 ms (FindLiveObjects: 0.279900 ms CreateObjectMapping: 0.178300 ms MarkObjects: 2.085700 ms  DeleteObjects: 0.064200 ms)

========================================================================
Received Import Request.
  Time since last request: 1572.329932 seconds.
  path: Assets/Resources/01. Scenes/SampleScene.unity
  artifactKey: Guid(62116b7f883679040b7639dfaf3acf6b) Importer(815301076,1909f56bfc062723c751e8b465ee728b)
Start importing Assets/Resources/01. Scenes/SampleScene.unity using Guid(62116b7f883679040b7639dfaf3acf6b) Importer(815301076,1909f56bfc062723c751e8b465ee728b)  -> (artifact id: 'ce4fabc51be63948cb70bd481c4783f5') in 0.021980 seconds 
AssetImportWorkerClient::OnTransportError - code=2 error=End of file
